2024-01-22 08:30:01 INFO User logged in successfully.
2024-01-22 08:45:23 DEBUG Attempting to connect to the database.
2024-01-22 09:00:45 ERROR Database connection failed.
2024-01-22 09:15:10 INFO Data export completed.
2024-01-22 10:30:55 WARNING Disk usage above 80%.
2024-01-22 11:05:00 DEBUG Starting data backup process.
2024-01-22 11:30:15 ERROR Backup process failed.
2024-01-22 12:00:00 INFO User logged out.
2024-01-22 12:45:05 DEBUG Checking system health.
2024-01-22 13:30:30 INFO Scheduled maintenance.
2024-01-22 14:15:45 WARNING High memory usage detected.
2024-01-22 15:00:20 ERROR Memory leak in application.
2024-01-22 15:30:35 INFO Application restarted successfully.
2024-01-22 16:00:50 DEBUG Monitoring network traffic.
2024-01-22 16:30:10 INFO New user registration completed.
2024-01-22 17:00:25 WARNING CPU temperature high.
2024-01-22 17:30:40 ERROR CPU overheating detected.
2024-01-22 18:00:55 INFO System shutdown initiated.
2024-01-22 18:30:15 DEBUG Log file rotation started.
2024-01-22 19:00:30 INFO Log file rotation completed.
2024-01-22 19:30:45 WARNING Low disk space on drive C:.
2024-01-22 20:00:00 ERROR Unable to write to log file
2024-01-22 20:30:15 INFO System rebooted successfully.
2024-01-22 21:00:30 DEBUG Cleaning temporary files.
2024-01-22 21:30:45 INFO Temporary files cleaned.
2024-01-22 22:00:00 WARNING Network latency detected.
2024-01-22 22:30:15 ERROR Network connection lost.
2024-01-22 23:00:30 INFO Network connection restored.
2024-01-22 23:30:45 DEBUG Finalizing daily reports.
2024-01-22 23:59:59 INFO Daily reports finalized successfully.
2024-01-23 00:15:10 WARNING Unauthorized login attempt detected.
2024-01-23 00:45:25 ERROR Security breach in firewall.
2024-01-23 01:15:40 INFO Firewall rules updated.
2024-01-23 01:45:55 DEBUG Scanning for malware.
2024-01-23 02:15:10 INFO Malware scan completed, no threats
2024-01-23 02:45:25 WARNING Suspicious activity detected on port 8080.
2024-01-23 03:15:40 ERROR Application crash reported.
2024-01-23 03:45:55 INFO Application restarted after crash.
2024-01-23 04:15:10 DEBUG Updating application to latest version.
2024-01-23 04:45:25 INFO Application update completed successfully.
2024-01-23 05:15:40 WARNING Deprecated API usage detected.
2024-01-23 05:45:55 ERROR API request failed due to timeout
2024-01-23 06:15:10 INFO API request retried successfully.